<?xml version="1.0" encoding="UTF-8"?>
<coverage generated="1781023981096" clover="3.2.0">
  <project timestamp="1781023981096" name="All files">
    <metrics statements="52" coveredstatements="52" conditionals="8" coveredconditionals="8" methods="16" coveredmethods="16" elements="76" coveredelements="76" complexity="0" loc="52" ncloc="52" packages="2" files="6" classes="6"/>
    <package name="logic">
      <metrics statements="30" coveredstatements="30" conditionals="6" coveredconditionals="6" methods="4" coveredmethods="4"/>
      <file name="rayIntersection.ts" path="/Users/lassewierowski/dev/spp/src/logic/rayIntersection.ts">
        <metrics statements="16" coveredstatements="16" conditionals="4" coveredconditionals="4" methods="1" coveredmethods="1"/>
        <line num="11" count="1" type="stmt"/>
        <line num="14" count="6" type="cond" truecount="2" falsecount="0"/>
        <line num="17" count="5" type="stmt"/>
        <line num="18" count="5" type="stmt"/>
        <line num="20" count="5" type="stmt"/>
        <line num="22" count="11" type="stmt"/>
        <line num="28" count="11" type="stmt"/>
        <line num="29" count="33" type="stmt"/>
        <line num="30" count="99" type="stmt"/>
        <line num="34" count="11" type="stmt"/>
        <line num="35" count="11" type="stmt"/>
        <line num="36" count="33" type="stmt"/>
        <line num="40" count="5" type="stmt"/>
        <line num="41" count="5" type="cond" truecount="2" falsecount="0"/>
        <line num="44" count="3" type="stmt"/>
        <line num="45" count="3" type="stmt"/>
      </file>
      <file name="rmsError.ts" path="/Users/lassewierowski/dev/spp/src/logic/rmsError.ts">
        <metrics statements="14" coveredstatements="14" conditionals="2" coveredconditionals="2" methods="3" coveredmethods="3"/>
        <line num="4" count="8" type="stmt"/>
        <line num="6" count="8" type="stmt"/>
        <line num="7" count="8" type="stmt"/>
        <line num="8" count="8" type="stmt"/>
        <line num="10" count="8" type="stmt"/>
        <line num="12" count="8" type="stmt"/>
        <line num="13" count="8" type="stmt"/>
        <line num="14" count="8" type="stmt"/>
        <line num="15" count="8" type="stmt"/>
        <line num="19" count="3" type="cond" truecount="2" falsecount="0"/>
        <line num="20" count="2" type="stmt"/>
        <line num="21" count="5" type="stmt"/>
        <line num="22" count="5" type="stmt"/>
        <line num="24" count="2" type="stmt"/>
      </file>
    </package>
    <package name="state">
      <metrics statements="22" coveredstatements="22" conditionals="2" coveredconditionals="2" methods="12" coveredmethods="12"/>
      <file name="cameraSlice.ts" path="/Users/lassewierowski/dev/spp/src/state/cameraSlice.ts">
        <metrics statements="5" coveredstatements="5" conditionals="0" coveredconditionals="0" methods="1" coveredmethods="1"/>
        <line num="10" count="1" type="stmt"/>
        <line num="15" count="1" type="stmt"/>
        <line num="20" count="1" type="stmt"/>
        <line num="21" count="1" type="stmt"/>
        <line num="26" count="1" type="stmt"/>
      </file>
      <file name="sceneSlice.ts" path="/Users/lassewierowski/dev/spp/src/state/sceneSlice.ts">
        <metrics statements="8" coveredstatements="8" conditionals="0" coveredconditionals="0" methods="5" coveredmethods="5"/>
        <line num="24" count="1" type="stmt"/>
        <line num="29" count="1" type="stmt"/>
        <line num="34" count="13" type="stmt"/>
        <line num="37" count="9" type="stmt"/>
        <line num="43" count="9" type="stmt"/>
        <line num="46" count="2" type="stmt"/>
        <line num="49" count="1" type="stmt"/>
        <line num="54" count="1" type="stmt"/>
      </file>
      <file name="selectors.ts" path="/Users/lassewierowski/dev/spp/src/state/selectors.ts">
        <metrics statements="8" coveredstatements="8" conditionals="2" coveredconditionals="2" methods="6" coveredmethods="6"/>
        <line num="3" count="1" type="stmt"/>
        <line num="4" count="1" type="stmt"/>
        <line num="5" count="1" type="stmt"/>
        <line num="6" count="1" type="stmt"/>
        <line num="7" count="2" type="stmt"/>
        <line num="8" count="2" type="cond" truecount="2" falsecount="0"/>
        <line num="10" count="2" type="stmt"/>
        <line num="11" count="2" type="stmt"/>
      </file>
      <file name="store.ts" path="/Users/lassewierowski/dev/spp/src/state/store.ts">
        <metrics statements="1" coveredstatements="1" conditionals="0" coveredconditionals="0" methods="0" coveredmethods="0"/>
        <line num="5" count="1" type="stmt"/>
      </file>
    </package>
  </project>
</coverage>
