{"/Users/lassewierowski/dev/spp/src/logic/rayIntersection.ts": {"path":"/Users/lassewierowski/dev/spp/src/logic/rayIntersection.ts","statementMap":{"0":{"start":{"line":11,"column":27},"end":{"line":11,"column":null}},"1":{"start":{"line":14,"column":2},"end":{"line":14,"column":null}},"2":{"start":{"line":14,"column":23},"end":{"line":14,"column":null}},"3":{"start":{"line":17,"column":24},"end":{"line":17,"column":null}},"4":{"start":{"line":18,"column":22},"end":{"line":18,"column":null}},"5":{"start":{"line":20,"column":2},"end":{"line":36,"column":null}},"6":{"start":{"line":22,"column":26},"end":{"line":26,"column":null}},"7":{"start":{"line":28,"column":4},"end":{"line":30,"column":null}},"8":{"start":{"line":28,"column":17},"end":{"line":28,"column":20}},"9":{"start":{"line":29,"column":6},"end":{"line":30,"column":null}},"10":{"start":{"line":29,"column":19},"end":{"line":29,"column":22}},"11":{"start":{"line":30,"column":8},"end":{"line":30,"column":null}},"12":{"start":{"line":34,"column":15},"end":{"line":34,"column":null}},"13":{"start":{"line":35,"column":4},"end":{"line":36,"column":null}},"14":{"start":{"line":35,"column":17},"end":{"line":35,"column":20}},"15":{"start":{"line":36,"column":6},"end":{"line":36,"column":null}},"16":{"start":{"line":40,"column":8},"end":{"line":40,"column":22}},"17":{"start":{"line":41,"column":2},"end":{"line":41,"column":null}},"18":{"start":{"line":41,"column":46},"end":{"line":41,"column":null}},"19":{"start":{"line":44,"column":8},"end":{"line":44,"column":80}},"20":{"start":{"line":45,"column":2},"end":{"line":45,"column":null}}},"fnMap":{"0":{"name":"computeClosestPoint","decl":{"start":{"line":13,"column":16},"end":{"line":13,"column":36}},"loc":{"start":{"line":13,"column":65},"end":{"line":45,"column":null}},"line":13}},"branchMap":{"0":{"loc":{"start":{"line":14,"column":2},"end":{"line":14,"column":null}},"type":"if","locations":[{"start":{"line":14,"column":2},"end":{"line":14,"column":null}},{"start":{},"end":{}}],"line":14},"1":{"loc":{"start":{"line":41,"column":2},"end":{"line":41,"column":null}},"type":"if","locations":[{"start":{"line":41,"column":2},"end":{"line":41,"column":null}},{"start":{},"end":{}}],"line":41}},"s":{"0":1,"1":6,"2":1,"3":5,"4":5,"5":5,"6":11,"7":11,"8":11,"9":33,"10":33,"11":99,"12":11,"13":11,"14":11,"15":33,"16":5,"17":5,"18":2,"19":3,"20":3},"f":{"0":6},"b":{"0":[1,5],"1":[2,3]},"meta":{"lastBranch":2,"lastFunction":1,"lastStatement":21,"seen":{"s:11:27:11:Infinity":0,"f:13:16:13:36":0,"b:14:2:14:Infinity:undefined:undefined:undefined:undefined":0,"s:14:2:14:Infinity":1,"s:14:23:14:Infinity":2,"s:17:24:17:Infinity":3,"s:18:22:18:Infinity":4,"s:20:2:36:Infinity":5,"s:22:26:26:Infinity":6,"s:28:4:30:Infinity":7,"s:28:17:28:20":8,"s:29:6:30:Infinity":9,"s:29:19:29:22":10,"s:30:8:30:Infinity":11,"s:34:15:34:Infinity":12,"s:35:4:36:Infinity":13,"s:35:17:35:20":14,"s:36:6:36:Infinity":15,"s:40:8:40:22":16,"b:41:2:41:Infinity:undefined:undefined:undefined:undefined":1,"s:41:2:41:Infinity":17,"s:41:46:41:Infinity":18,"s:44:8:44:80":19,"s:45:2:45:Infinity":20}}}
,"/Users/lassewierowski/dev/spp/src/logic/rmsError.ts": {"path":"/Users/lassewierowski/dev/spp/src/logic/rmsError.ts","statementMap":{"0":{"start":{"line":4,"column":38},"end":{"line":4,"column":null}},"1":{"start":{"line":6,"column":13},"end":{"line":6,"column":null}},"2":{"start":{"line":7,"column":13},"end":{"line":7,"column":null}},"3":{"start":{"line":8,"column":13},"end":{"line":8,"column":null}},"4":{"start":{"line":10,"column":14},"end":{"line":10,"column":null}},"5":{"start":{"line":12,"column":13},"end":{"line":12,"column":null}},"6":{"start":{"line":13,"column":13},"end":{"line":13,"column":null}},"7":{"start":{"line":14,"column":13},"end":{"line":14,"column":null}},"8":{"start":{"line":15,"column":2},"end":{"line":15,"column":null}},"9":{"start":{"line":19,"column":2},"end":{"line":19,"column":null}},"10":{"start":{"line":19,"column":25},"end":{"line":19,"column":null}},"11":{"start":{"line":20,"column":16},"end":{"line":23,"column":7}},"12":{"start":{"line":21,"column":14},"end":{"line":21,"column":36}},"13":{"start":{"line":22,"column":4},"end":{"line":22,"column":null}},"14":{"start":{"line":24,"column":2},"end":{"line":24,"column":null}}},"fnMap":{"0":{"name":"perpDistance","decl":{"start":{"line":3,"column":16},"end":{"line":3,"column":29}},"loc":{"start":{"line":3,"column":63},"end":{"line":15,"column":null}},"line":3},"1":{"name":"computeRmsError","decl":{"start":{"line":18,"column":16},"end":{"line":18,"column":32}},"loc":{"start":{"line":18,"column":69},"end":{"line":24,"column":null}},"line":18},"2":{"name":"(anonymous_2)","decl":{"start":{"line":20,"column":21},"end":{"line":20,"column":29}},"loc":{"start":{"line":20,"column":40},"end":{"line":23,"column":7}},"line":20}},"branchMap":{"0":{"loc":{"start":{"line":19,"column":2},"end":{"line":19,"column":null}},"type":"if","locations":[{"start":{"line":19,"column":2},"end":{"line":19,"column":null}},{"start":{},"end":{}}],"line":19}},"s":{"0":8,"1":8,"2":8,"3":8,"4":8,"5":8,"6":8,"7":8,"8":8,"9":3,"10":1,"11":2,"12":5,"13":5,"14":2},"f":{"0":8,"1":3,"2":5},"b":{"0":[1,2]},"meta":{"lastBranch":1,"lastFunction":3,"lastStatement":15,"seen":{"f:3:16:3:29":0,"s:4:38:4:Infinity":0,"s:6:13:6:Infinity":1,"s:7:13:7:Infinity":2,"s:8:13:8:Infinity":3,"s:10:14:10:Infinity":4,"s:12:13:12:Infinity":5,"s:13:13:13:Infinity":6,"s:14:13:14:Infinity":7,"s:15:2:15:Infinity":8,"f:18:16:18:32":1,"b:19:2:19:Infinity:undefined:undefined:undefined:undefined":0,"s:19:2:19:Infinity":9,"s:19:25:19:Infinity":10,"s:20:16:23:7":11,"f:20:21:20:29":2,"s:21:14:21:36":12,"s:22:4:22:Infinity":13,"s:24:2:24:Infinity":14}}}
,"/Users/lassewierowski/dev/spp/src/state/cameraSlice.ts": {"path":"/Users/lassewierowski/dev/spp/src/state/cameraSlice.ts","statementMap":{"0":{"start":{"line":10,"column":34},"end":{"line":13,"column":null}},"1":{"start":{"line":15,"column":6},"end":{"line":24,"column":2}},"2":{"start":{"line":20,"column":6},"end":{"line":20,"column":null}},"3":{"start":{"line":21,"column":6},"end":{"line":21,"column":null}},"4":{"start":{"line":26,"column":36},"end":{"line":26,"column":null}}},"fnMap":{"0":{"name":"updateCameraPose","decl":{"start":{"line":19,"column":4},"end":{"line":19,"column":21}},"loc":{"start":{"line":19,"column":91},"end":{"line":21,"column":null}},"line":19}},"branchMap":{},"s":{"0":1,"1":1,"2":1,"3":1,"4":1},"f":{"0":1},"b":{},"meta":{"lastBranch":0,"lastFunction":1,"lastStatement":5,"seen":{"s:10:34:13:Infinity":0,"s:15:6:24:2":1,"f:19:4:19:21":0,"s:20:6:20:Infinity":2,"s:21:6:21:Infinity":3,"s:26:36:26:Infinity":4}}}
,"/Users/lassewierowski/dev/spp/src/state/sceneSlice.ts": {"path":"/Users/lassewierowski/dev/spp/src/state/sceneSlice.ts","statementMap":{"0":{"start":{"line":24,"column":33},"end":{"line":27,"column":null}},"1":{"start":{"line":29,"column":6},"end":{"line":52,"column":2}},"2":{"start":{"line":34,"column":6},"end":{"line":34,"column":null}},"3":{"start":{"line":37,"column":6},"end":{"line":42,"column":null}},"4":{"start":{"line":43,"column":6},"end":{"line":43,"column":null}},"5":{"start":{"line":46,"column":6},"end":{"line":46,"column":null}},"6":{"start":{"line":46,"column":48},"end":{"line":46,"column":72}},"7":{"start":{"line":49,"column":6},"end":{"line":49,"column":null}},"8":{"start":{"line":54,"column":64},"end":{"line":54,"column":null}}},"fnMap":{"0":{"name":"addRay","decl":{"start":{"line":33,"column":4},"end":{"line":33,"column":11}},"loc":{"start":{"line":33,"column":46},"end":{"line":34,"column":null}},"line":33},"1":{"name":"spawnSphere","decl":{"start":{"line":36,"column":4},"end":{"line":36,"column":16}},"loc":{"start":{"line":36,"column":100},"end":{"line":43,"column":null}},"line":36},"2":{"name":"deleteSphere","decl":{"start":{"line":45,"column":4},"end":{"line":45,"column":17}},"loc":{"start":{"line":45,"column":55},"end":{"line":46,"column":null}},"line":45},"3":{"name":"(anonymous_3)","decl":{"start":{"line":46,"column":36},"end":{"line":46,"column":43}},"loc":{"start":{"line":46,"column":48},"end":{"line":46,"column":72}},"line":46},"4":{"name":"clearRays","decl":{"start":{"line":48,"column":4},"end":{"line":48,"column":14}},"loc":{"start":{"line":48,"column":21},"end":{"line":49,"column":null}},"line":48}},"branchMap":{},"s":{"0":1,"1":1,"2":13,"3":9,"4":9,"5":1,"6":2,"7":1,"8":1},"f":{"0":13,"1":9,"2":1,"3":2,"4":1},"b":{},"meta":{"lastBranch":0,"lastFunction":5,"lastStatement":9,"seen":{"s:24:33:27:Infinity":0,"s:29:6:52:2":1,"f:33:4:33:11":0,"s:34:6:34:Infinity":2,"f:36:4:36:16":1,"s:37:6:42:Infinity":3,"s:43:6:43:Infinity":4,"f:45:4:45:17":2,"s:46:6:46:Infinity":5,"f:46:36:46:43":3,"s:46:48:46:72":6,"f:48:4:48:14":4,"s:49:6:49:Infinity":7,"s:54:64:54:Infinity":8}}}
,"/Users/lassewierowski/dev/spp/src/state/selectors.ts": {"path":"/Users/lassewierowski/dev/spp/src/state/selectors.ts","statementMap":{"0":{"start":{"line":3,"column":13},"end":{"line":3,"column":null}},"1":{"start":{"line":3,"column":55},"end":{"line":3,"column":null}},"2":{"start":{"line":4,"column":13},"end":{"line":4,"column":null}},"3":{"start":{"line":4,"column":51},"end":{"line":4,"column":null}},"4":{"start":{"line":5,"column":13},"end":{"line":5,"column":null}},"5":{"start":{"line":5,"column":59},"end":{"line":5,"column":null}},"6":{"start":{"line":6,"column":13},"end":{"line":8,"column":null}},"7":{"start":{"line":7,"column":18},"end":{"line":7,"column":null}},"8":{"start":{"line":8,"column":2},"end":{"line":8,"column":null}},"9":{"start":{"line":10,"column":13},"end":{"line":10,"column":null}},"10":{"start":{"line":10,"column":51},"end":{"line":10,"column":null}},"11":{"start":{"line":11,"column":13},"end":{"line":11,"column":null}},"12":{"start":{"line":11,"column":51},"end":{"line":11,"column":null}}},"fnMap":{"0":{"name":"(anonymous_0)","decl":{"start":{"line":3,"column":13},"end":{"line":3,"column":34}},"loc":{"start":{"line":3,"column":55},"end":{"line":3,"column":null}},"line":3},"1":{"name":"(anonymous_1)","decl":{"start":{"line":4,"column":13},"end":{"line":4,"column":30}},"loc":{"start":{"line":4,"column":51},"end":{"line":4,"column":null}},"line":4},"2":{"name":"(anonymous_2)","decl":{"start":{"line":5,"column":13},"end":{"line":5,"column":38}},"loc":{"start":{"line":5,"column":59},"end":{"line":5,"column":null}},"line":5},"3":{"name":"(anonymous_3)","decl":{"start":{"line":6,"column":13},"end":{"line":6,"column":33}},"loc":{"start":{"line":6,"column":54},"end":{"line":8,"column":null}},"line":6},"4":{"name":"(anonymous_4)","decl":{"start":{"line":10,"column":13},"end":{"line":10,"column":30}},"loc":{"start":{"line":10,"column":51},"end":{"line":10,"column":null}},"line":10},"5":{"name":"(anonymous_5)","decl":{"start":{"line":11,"column":13},"end":{"line":11,"column":30}},"loc":{"start":{"line":11,"column":51},"end":{"line":11,"column":null}},"line":11}},"branchMap":{"0":{"loc":{"start":{"line":8,"column":9},"end":{"line":8,"column":null}},"type":"cond-expr","locations":[{"start":{"line":8,"column":30},"end":{"line":8,"column":60}},{"start":{"line":8,"column":60},"end":{"line":8,"column":null}}],"line":8}},"s":{"0":1,"1":1,"2":1,"3":1,"4":1,"5":1,"6":1,"7":2,"8":2,"9":1,"10":2,"11":1,"12":2},"f":{"0":1,"1":1,"2":1,"3":2,"4":2,"5":2},"b":{"0":[1,1]},"meta":{"lastBranch":1,"lastFunction":6,"lastStatement":13,"seen":{"s:3:13:3:Infinity":0,"f:3:13:3:34":0,"s:3:55:3:Infinity":1,"s:4:13:4:Infinity":2,"f:4:13:4:30":1,"s:4:51:4:Infinity":3,"s:5:13:5:Infinity":4,"f:5:13:5:38":2,"s:5:59:5:Infinity":5,"s:6:13:8:Infinity":6,"f:6:13:6:33":3,"s:7:18:7:Infinity":7,"s:8:2:8:Infinity":8,"b:8:30:8:60:8:60:8:Infinity":0,"s:10:13:10:Infinity":9,"f:10:13:10:30":4,"s:10:51:10:Infinity":10,"s:11:13:11:Infinity":11,"f:11:13:11:30":5,"s:11:51:11:Infinity":12}}}
,"/Users/lassewierowski/dev/spp/src/state/store.ts": {"path":"/Users/lassewierowski/dev/spp/src/state/store.ts","statementMap":{"0":{"start":{"line":5,"column":13},"end":{"line":10,"column":2}}},"fnMap":{},"branchMap":{},"s":{"0":1},"f":{},"b":{},"meta":{"lastBranch":0,"lastFunction":0,"lastStatement":1,"seen":{"s:5:13:10:2":0}}}
}
